1580666886891	mozrunner::runner	INFO	Running command: "/usr/bin/firefox" "-marionette" "-foreground" "-no-remote" "-profile" "/tmp/rust_mozprofilekIBBzF"
1580666890341	addons.webextension.doh-rollout@mozilla.org	WARN	Loading extension 'doh-rollout@mozilla.org': Reading manifest: Invalid extension permission: networkStatus
1580666890914	addons.webextension.screenshots@mozilla.org	WARN	Loading extension 'screenshots@mozilla.org': Reading manifest: Invalid extension permission: mozillaAddons
1580666890914	addons.webextension.screenshots@mozilla.org	WARN	Loading extension 'screenshots@mozilla.org': Reading manifest: Invalid extension permission: telemetry
1580666890914	addons.webextension.screenshots@mozilla.org	WARN	Loading extension 'screenshots@mozilla.org': Reading manifest: Invalid extension permission: resource://pdf.js/
1580666890914	addons.webextension.screenshots@mozilla.org	WARN	Loading extension 'screenshots@mozilla.org': Reading manifest: Invalid extension permission: about:reader*
1580666896861	Marionette	INFO	Listening on port 44479
1580666896922	Marionette	WARN	TLS certificate errors will be ignored for this session
JavaScript warning: https://www.newegg.com/pfssl.js, line 2: Error: WebGL warning: getContext: Disallowing antialiased backbuffers due to blacklisting.
JavaScript warning: https://www.newegg.com/pfssl.js, line 2: Error: WebGL warning: <SetDimensions>: Refused to create native OpenGL context because of blacklist entry: FEATURE_FAILURE_OLD_FGLRX
JavaScript warning: https://www.newegg.com/pfssl.js, line 2: Error: WebGL warning: <SetDimensions>: Failed to create WebGL context: WebGL creation failed: 
* Refused to create native OpenGL context because of blacklist entry: FEATURE_FAILURE_OLD_FGLRX
* Exhausted GL driver options.
JavaScript warning: https://www.newegg.com/pfssl.js, line 2: Error: WebGL warning: getContext: Disallowing antialiased backbuffers due to blacklisting.
JavaScript warning: https://www.newegg.com/pfssl.js, line 2: Error: WebGL warning: <SetDimensions>: Refused to create native OpenGL context because of blacklist entry: FEATURE_FAILURE_OLD_FGLRX
JavaScript warning: https://www.newegg.com/pfssl.js, line 2: Error: WebGL warning: <SetDimensions>: Failed to create WebGL context: WebGL creation failed: 
* Refused to create native OpenGL context because of blacklist entry: FEATURE_FAILURE_OLD_FGLRX
* Exhausted GL driver options.
JavaScript warning: https://www.newegg.com/pfssl.js, line 2: Error: WebGL warning: getContext: Disallowing antialiased backbuffers due to blacklisting.
JavaScript warning: https://www.newegg.com/pfssl.js, line 2: Error: WebGL warning: <SetDimensions>: Refused to create native OpenGL context because of blacklist entry: FEATURE_FAILURE_OLD_FGLRX
JavaScript warning: https://www.newegg.com/pfssl.js, line 2: Error: WebGL warning: <SetDimensions>: Failed to create WebGL context: WebGL creation failed: 
* Refused to create native OpenGL context because of blacklist entry: FEATURE_FAILURE_OLD_FGLRX
* Exhausted GL driver options.
JavaScript warning: https://www.newegg.com/pfssl.js, line 2: Error: WebGL warning: getContext: Disallowing antialiased backbuffers due to blacklisting.
JavaScript warning: https://www.newegg.com/pfssl.js, line 2: Error: WebGL warning: <SetDimensions>: Refused to create native OpenGL context because of blacklist entry: FEATURE_FAILURE_OLD_FGLRX
JavaScript warning: https://www.newegg.com/pfssl.js, line 2: Error: WebGL warning: <SetDimensions>: Failed to create WebGL context: WebGL creation failed: 
* Refused to create native OpenGL context because of blacklist entry: FEATURE_FAILURE_OLD_FGLRX
* Exhausted GL driver options.
1580666906641	mozrunner::runner	INFO	Running command: "/usr/bin/firefox" "-marionette" "-foreground" "-no-remote" "-profile" "/tmp/rust_mozprofileduDQ6f"
1580666907095	addons.webextension.doh-rollout@mozilla.org	WARN	Loading extension 'doh-rollout@mozilla.org': Reading manifest: Invalid extension permission: networkStatus
1580666907215	addons.webextension.screenshots@mozilla.org	WARN	Loading extension 'screenshots@mozilla.org': Reading manifest: Invalid extension permission: mozillaAddons
1580666907216	addons.webextension.screenshots@mozilla.org	WARN	Loading extension 'screenshots@mozilla.org': Reading manifest: Invalid extension permission: telemetry
1580666907216	addons.webextension.screenshots@mozilla.org	WARN	Loading extension 'screenshots@mozilla.org': Reading manifest: Invalid extension permission: resource://pdf.js/
1580666907216	addons.webextension.screenshots@mozilla.org	WARN	Loading extension 'screenshots@mozilla.org': Reading manifest: Invalid extension permission: about:reader*
1580666908955	Marionette	INFO	Listening on port 36611
1580666909048	Marionette	WARN	TLS certificate errors will be ignored for this session
JavaScript warning: https://www.newegg.com/pfssl.js, line 2: Error: WebGL warning: getContext: Disallowing antialiased backbuffers due to blacklisting.
JavaScript warning: https://www.newegg.com/pfssl.js, line 2: Error: WebGL warning: <SetDimensions>: Refused to create native OpenGL context because of blacklist entry: FEATURE_FAILURE_OLD_FGLRX
JavaScript warning: https://www.newegg.com/pfssl.js, line 2: Error: WebGL warning: <SetDimensions>: Failed to create WebGL context: WebGL creation failed: 
* Refused to create native OpenGL context because of blacklist entry: FEATURE_FAILURE_OLD_FGLRX
* Exhausted GL driver options.
JavaScript warning: https://www.newegg.com/pfssl.js, line 2: Error: WebGL warning: getContext: Disallowing antialiased backbuffers due to blacklisting.
JavaScript warning: https://www.newegg.com/pfssl.js, line 2: Error: WebGL warning: <SetDimensions>: Refused to create native OpenGL context because of blacklist entry: FEATURE_FAILURE_OLD_FGLRX
JavaScript warning: https://www.newegg.com/pfssl.js, line 2: Error: WebGL warning: <SetDimensions>: Failed to create WebGL context: WebGL creation failed: 
* Refused to create native OpenGL context because of blacklist entry: FEATURE_FAILURE_OLD_FGLRX
* Exhausted GL driver options.
1580666913349	Marionette	INFO	Stopped listening on port 44479
1580666918311	mozrunner::runner	INFO	Running command: "/usr/bin/firefox" "-marionette" "-foreground" "-no-remote" "-profile" "/tmp/rust_mozprofileGG264f"
1580666918981	addons.webextension.doh-rollout@mozilla.org	WARN	Loading extension 'doh-rollout@mozilla.org': Reading manifest: Invalid extension permission: networkStatus
1580666919116	addons.webextension.screenshots@mozilla.org	WARN	Loading extension 'screenshots@mozilla.org': Reading manifest: Invalid extension permission: mozillaAddons
1580666919116	addons.webextension.screenshots@mozilla.org	WARN	Loading extension 'screenshots@mozilla.org': Reading manifest: Invalid extension permission: telemetry
1580666919116	addons.webextension.screenshots@mozilla.org	WARN	Loading extension 'screenshots@mozilla.org': Reading manifest: Invalid extension permission: resource://pdf.js/
1580666919116	addons.webextension.screenshots@mozilla.org	WARN	Loading extension 'screenshots@mozilla.org': Reading manifest: Invalid extension permission: about:reader*
1580666920856	Marionette	INFO	Listening on port 41687
1580666920918	Marionette	WARN	TLS certificate errors will be ignored for this session
1580666921818	Marionette	INFO	Stopped listening on port 36611
JavaScript warning: https://www.newegg.com/pfssl.js, line 2: Error: WebGL warning: getContext: Disallowing antialiased backbuffers due to blacklisting.
JavaScript warning: https://www.newegg.com/pfssl.js, line 2: Error: WebGL warning: <SetDimensions>: Refused to create native OpenGL context because of blacklist entry: FEATURE_FAILURE_OLD_FGLRX
JavaScript warning: https://www.newegg.com/pfssl.js, line 2: Error: WebGL warning: <SetDimensions>: Failed to create WebGL context: WebGL creation failed: 
* Refused to create native OpenGL context because of blacklist entry: FEATURE_FAILURE_OLD_FGLRX
* Exhausted GL driver options.
JavaScript warning: https://www.newegg.com/pfssl.js, line 2: Error: WebGL warning: getContext: Disallowing antialiased backbuffers due to blacklisting.
JavaScript warning: https://www.newegg.com/pfssl.js, line 2: Error: WebGL warning: <SetDimensions>: Refused to create native OpenGL context because of blacklist entry: FEATURE_FAILURE_OLD_FGLRX
JavaScript warning: https://www.newegg.com/pfssl.js, line 2: Error: WebGL warning: <SetDimensions>: Failed to create WebGL context: WebGL creation failed: 
* Refused to create native OpenGL context because of blacklist entry: FEATURE_FAILURE_OLD_FGLRX
* Exhausted GL driver options.
JavaScript warning: https://www.newegg.com/pfssl.js, line 2: Error: WebGL warning: getContext: Disallowing antialiased backbuffers due to blacklisting.
JavaScript warning: https://www.newegg.com/pfssl.js, line 2: Error: WebGL warning: <SetDimensions>: Refused to create native OpenGL context because of blacklist entry: FEATURE_FAILURE_OLD_FGLRX
JavaScript warning: https://www.newegg.com/pfssl.js, line 2: Error: WebGL warning: <SetDimensions>: Failed to create WebGL context: WebGL creation failed: 
* Refused to create native OpenGL context because of blacklist entry: FEATURE_FAILURE_OLD_FGLRX
* Exhausted GL driver options.
JavaScript warning: https://www.newegg.com/pfssl.js, line 2: Error: WebGL warning: getContext: Disallowing antialiased backbuffers due to blacklisting.
JavaScript warning: https://www.newegg.com/pfssl.js, line 2: Error: WebGL warning: <SetDimensions>: Refused to create native OpenGL context because of blacklist entry: FEATURE_FAILURE_OLD_FGLRX
JavaScript warning: https://www.newegg.com/pfssl.js, line 2: Error: WebGL warning: <SetDimensions>: Failed to create WebGL context: WebGL creation failed: 
* Refused to create native OpenGL context because of blacklist entry: FEATURE_FAILURE_OLD_FGLRX
* Exhausted GL driver options.
JavaScript error: https://ads.servebom.com/tmnhead.js, line 88: TypeError: document.location is null
console.error: (new Error("SessionFile is closed", "resource:///modules/sessionstore/SessionFile.jsm", 433))
1580666950151	Marionette	INFO	Stopped listening on port 41687
1580666973866	mozrunner::runner	INFO	Running command: "/usr/bin/firefox" "-marionette" "--headless" "-foreground" "-no-remote" "-profile" "/tmp/rust_mozprofilenWXSa2"
*** You are running in headless mode.
1580666974243	addons.webextension.doh-rollout@mozilla.org	WARN	Loading extension 'doh-rollout@mozilla.org': Reading manifest: Invalid extension permission: networkStatus
1580666974353	addons.webextension.screenshots@mozilla.org	WARN	Loading extension 'screenshots@mozilla.org': Reading manifest: Invalid extension permission: mozillaAddons
1580666974353	addons.webextension.screenshots@mozilla.org	WARN	Loading extension 'screenshots@mozilla.org': Reading manifest: Invalid extension permission: telemetry
1580666974353	addons.webextension.screenshots@mozilla.org	WARN	Loading extension 'screenshots@mozilla.org': Reading manifest: Invalid extension permission: resource://pdf.js/
1580666974353	addons.webextension.screenshots@mozilla.org	WARN	Loading extension 'screenshots@mozilla.org': Reading manifest: Invalid extension permission: about:reader*
1580666976025	Marionette	INFO	Listening on port 35323
1580666976072	Marionette	WARN	TLS certificate errors will be ignored for this session
JavaScript warning: https://www.newegg.com/pfssl.js, line 2: Error: WebGL warning: getContext: Disallowing antialiased backbuffers due to blacklisting.
JavaScript warning: https://www.newegg.com/pfssl.js, line 2: Error: WebGL warning: <SetDimensions>: Can't use WebGL in headless mode (https://bugzil.la/1375585).
JavaScript warning: https://www.newegg.com/pfssl.js, line 2: Error: WebGL warning: <SetDimensions>: Failed to create WebGL context: WebGL creation failed: 
* Can't use WebGL in headless mode (https://bugzil.la/1375585).
JavaScript warning: https://www.newegg.com/pfssl.js, line 2: Error: WebGL warning: getContext: Disallowing antialiased backbuffers due to blacklisting.
JavaScript warning: https://www.newegg.com/pfssl.js, line 2: Error: WebGL warning: <SetDimensions>: Can't use WebGL in headless mode (https://bugzil.la/1375585).
JavaScript warning: https://www.newegg.com/pfssl.js, line 2: Error: WebGL warning: <SetDimensions>: Failed to create WebGL context: WebGL creation failed: 
* Can't use WebGL in headless mode (https://bugzil.la/1375585).
JavaScript warning: https://www.newegg.com/pfssl.js, line 2: Error: WebGL warning: getContext: Disallowing antialiased backbuffers due to blacklisting.
JavaScript warning: https://www.newegg.com/pfssl.js, line 2: Error: WebGL warning: <SetDimensions>: Can't use WebGL in headless mode (https://bugzil.la/1375585).
JavaScript warning: https://www.newegg.com/pfssl.js, line 2: Error: WebGL warning: <SetDimensions>: Failed to create WebGL context: WebGL creation failed: 
* Can't use WebGL in headless mode (https://bugzil.la/1375585).
JavaScript warning: https://www.newegg.com/pfssl.js, line 2: Error: WebGL warning: getContext: Disallowing antialiased backbuffers due to blacklisting.
JavaScript warning: https://www.newegg.com/pfssl.js, line 2: Error: WebGL warning: <SetDimensions>: Can't use WebGL in headless mode (https://bugzil.la/1375585).
JavaScript warning: https://www.newegg.com/pfssl.js, line 2: Error: WebGL warning: <SetDimensions>: Failed to create WebGL context: WebGL creation failed: 
* Can't use WebGL in headless mode (https://bugzil.la/1375585).
1580667157993	mozrunner::runner	INFO	Running command: "/usr/bin/firefox" "-marionette" "--headless" "--proxy-server=socks5://23:idk@localhost:9050" "-foreground" "-no-remote" "-profile" "/tmp/rust_mozprofileq7Xq0e"
*** You are running in headless mode.
1580667158388	addons.webextension.doh-rollout@mozilla.org	WARN	Loading extension 'doh-rollout@mozilla.org': Reading manifest: Invalid extension permission: networkStatus
1580667158492	addons.webextension.screenshots@mozilla.org	WARN	Loading extension 'screenshots@mozilla.org': Reading manifest: Invalid extension permission: mozillaAddons
1580667158492	addons.webextension.screenshots@mozilla.org	WARN	Loading extension 'screenshots@mozilla.org': Reading manifest: Invalid extension permission: telemetry
1580667158492	addons.webextension.screenshots@mozilla.org	WARN	Loading extension 'screenshots@mozilla.org': Reading manifest: Invalid extension permission: resource://pdf.js/
1580667158492	addons.webextension.screenshots@mozilla.org	WARN	Loading extension 'screenshots@mozilla.org': Reading manifest: Invalid extension permission: about:reader*
1580667160007	Marionette	INFO	Listening on port 34007
1580667160103	Marionette	WARN	TLS certificate errors will be ignored for this session
JavaScript warning: https://www.newegg.com/pfssl.js, line 2: Error: WebGL warning: getContext: Disallowing antialiased backbuffers due to blacklisting.
JavaScript warning: https://www.newegg.com/pfssl.js, line 2: Error: WebGL warning: <SetDimensions>: Can't use WebGL in headless mode (https://bugzil.la/1375585).
JavaScript warning: https://www.newegg.com/pfssl.js, line 2: Error: WebGL warning: <SetDimensions>: Failed to create WebGL context: WebGL creation failed: 
* Can't use WebGL in headless mode (https://bugzil.la/1375585).
JavaScript warning: https://www.newegg.com/pfssl.js, line 2: Error: WebGL warning: getContext: Disallowing antialiased backbuffers due to blacklisting.
JavaScript warning: https://www.newegg.com/pfssl.js, line 2: Error: WebGL warning: <SetDimensions>: Can't use WebGL in headless mode (https://bugzil.la/1375585).
JavaScript warning: https://www.newegg.com/pfssl.js, line 2: Error: WebGL warning: <SetDimensions>: Failed to create WebGL context: WebGL creation failed: 
* Can't use WebGL in headless mode (https://bugzil.la/1375585).
JavaScript warning: https://www.newegg.com/pfssl.js, line 2: Error: WebGL warning: getContext: Disallowing antialiased backbuffers due to blacklisting.
JavaScript warning: https://www.newegg.com/pfssl.js, line 2: Error: WebGL warning: <SetDimensions>: Can't use WebGL in headless mode (https://bugzil.la/1375585).
JavaScript warning: https://www.newegg.com/pfssl.js, line 2: Error: WebGL warning: <SetDimensions>: Failed to create WebGL context: WebGL creation failed: 
* Can't use WebGL in headless mode (https://bugzil.la/1375585).
JavaScript warning: https://www.newegg.com/pfssl.js, line 2: Error: WebGL warning: getContext: Disallowing antialiased backbuffers due to blacklisting.
JavaScript warning: https://www.newegg.com/pfssl.js, line 2: Error: WebGL warning: <SetDimensions>: Can't use WebGL in headless mode (https://bugzil.la/1375585).
JavaScript warning: https://www.newegg.com/pfssl.js, line 2: Error: WebGL warning: <SetDimensions>: Failed to create WebGL context: WebGL creation failed: 
* Can't use WebGL in headless mode (https://bugzil.la/1375585).
1580667187216	mozrunner::runner	INFO	Running command: "/usr/bin/firefox" "-marionette" "--headless" "--proxy-server=socks5://42760:idk@localhost:9050" "-foreground" "-no-remote" "-profile" "/tmp/rust_mozprofile228zaW"
*** You are running in headless mode.
1580667187607	addons.webextension.doh-rollout@mozilla.org	WARN	Loading extension 'doh-rollout@mozilla.org': Reading manifest: Invalid extension permission: networkStatus
1580667187702	addons.webextension.screenshots@mozilla.org	WARN	Loading extension 'screenshots@mozilla.org': Reading manifest: Invalid extension permission: mozillaAddons
1580667187702	addons.webextension.screenshots@mozilla.org	WARN	Loading extension 'screenshots@mozilla.org': Reading manifest: Invalid extension permission: telemetry
1580667187702	addons.webextension.screenshots@mozilla.org	WARN	Loading extension 'screenshots@mozilla.org': Reading manifest: Invalid extension permission: resource://pdf.js/
1580667187702	addons.webextension.screenshots@mozilla.org	WARN	Loading extension 'screenshots@mozilla.org': Reading manifest: Invalid extension permission: about:reader*
1580667189293	Marionette	INFO	Listening on port 42325
1580667189349	Marionette	WARN	TLS certificate errors will be ignored for this session
JavaScript warning: https://www.newegg.com/pfssl.js, line 2: Error: WebGL warning: getContext: Disallowing antialiased backbuffers due to blacklisting.
JavaScript warning: https://www.newegg.com/pfssl.js, line 2: Error: WebGL warning: <SetDimensions>: Can't use WebGL in headless mode (https://bugzil.la/1375585).
JavaScript warning: https://www.newegg.com/pfssl.js, line 2: Error: WebGL warning: <SetDimensions>: Failed to create WebGL context: WebGL creation failed: 
* Can't use WebGL in headless mode (https://bugzil.la/1375585).
JavaScript warning: https://www.newegg.com/pfssl.js, line 2: Error: WebGL warning: getContext: Disallowing antialiased backbuffers due to blacklisting.
JavaScript warning: https://www.newegg.com/pfssl.js, line 2: Error: WebGL warning: <SetDimensions>: Can't use WebGL in headless mode (https://bugzil.la/1375585).
JavaScript warning: https://www.newegg.com/pfssl.js, line 2: Error: WebGL warning: <SetDimensions>: Failed to create WebGL context: WebGL creation failed: 
* Can't use WebGL in headless mode (https://bugzil.la/1375585).
JavaScript warning: https://www.newegg.com/pfssl.js, line 2: Error: WebGL warning: getContext: Disallowing antialiased backbuffers due to blacklisting.
JavaScript warning: https://www.newegg.com/pfssl.js, line 2: Error: WebGL warning: <SetDimensions>: Can't use WebGL in headless mode (https://bugzil.la/1375585).
JavaScript warning: https://www.newegg.com/pfssl.js, line 2: Error: WebGL warning: <SetDimensions>: Failed to create WebGL context: WebGL creation failed: 
* Can't use WebGL in headless mode (https://bugzil.la/1375585).
JavaScript warning: https://www.newegg.com/pfssl.js, line 2: Error: WebGL warning: getContext: Disallowing antialiased backbuffers due to blacklisting.
JavaScript warning: https://www.newegg.com/pfssl.js, line 2: Error: WebGL warning: <SetDimensions>: Can't use WebGL in headless mode (https://bugzil.la/1375585).
JavaScript warning: https://www.newegg.com/pfssl.js, line 2: Error: WebGL warning: <SetDimensions>: Failed to create WebGL context: WebGL creation failed: 
* Can't use WebGL in headless mode (https://bugzil.la/1375585).
1580667194345	mozrunner::runner	INFO	Running command: "/usr/bin/firefox" "-marionette" "--headless" "--proxy-server=socks5://37561:idk@localhost:9050" "-foreground" "-no-remote" "-profile" "/tmp/rust_mozprofile5VjQ7O"
*** You are running in headless mode.
1580667194745	addons.webextension.doh-rollout@mozilla.org	WARN	Loading extension 'doh-rollout@mozilla.org': Reading manifest: Invalid extension permission: networkStatus
1580667194835	addons.webextension.screenshots@mozilla.org	WARN	Loading extension 'screenshots@mozilla.org': Reading manifest: Invalid extension permission: mozillaAddons
1580667194835	addons.webextension.screenshots@mozilla.org	WARN	Loading extension 'screenshots@mozilla.org': Reading manifest: Invalid extension permission: telemetry
1580667194835	addons.webextension.screenshots@mozilla.org	WARN	Loading extension 'screenshots@mozilla.org': Reading manifest: Invalid extension permission: resource://pdf.js/
1580667194835	addons.webextension.screenshots@mozilla.org	WARN	Loading extension 'screenshots@mozilla.org': Reading manifest: Invalid extension permission: about:reader*
1580667196581	Marionette	INFO	Listening on port 44099
1580667196653	Marionette	WARN	TLS certificate errors will be ignored for this session
JavaScript warning: https://www.newegg.com/pfssl.js, line 2: Error: WebGL warning: getContext: Disallowing antialiased backbuffers due to blacklisting.
JavaScript warning: https://www.newegg.com/pfssl.js, line 2: Error: WebGL warning: <SetDimensions>: Can't use WebGL in headless mode (https://bugzil.la/1375585).
JavaScript warning: https://www.newegg.com/pfssl.js, line 2: Error: WebGL warning: <SetDimensions>: Failed to create WebGL context: WebGL creation failed: 
* Can't use WebGL in headless mode (https://bugzil.la/1375585).
JavaScript warning: https://www.newegg.com/pfssl.js, line 2: Error: WebGL warning: getContext: Disallowing antialiased backbuffers due to blacklisting.
JavaScript warning: https://www.newegg.com/pfssl.js, line 2: Error: WebGL warning: <SetDimensions>: Can't use WebGL in headless mode (https://bugzil.la/1375585).
JavaScript warning: https://www.newegg.com/pfssl.js, line 2: Error: WebGL warning: <SetDimensions>: Failed to create WebGL context: WebGL creation failed: 
* Can't use WebGL in headless mode (https://bugzil.la/1375585).
JavaScript warning: https://www.newegg.com/pfssl.js, line 2: Error: WebGL warning: getContext: Disallowing antialiased backbuffers due to blacklisting.
JavaScript warning: https://www.newegg.com/pfssl.js, line 2: Error: WebGL warning: <SetDimensions>: Can't use WebGL in headless mode (https://bugzil.la/1375585).
JavaScript warning: https://www.newegg.com/pfssl.js, line 2: Error: WebGL warning: <SetDimensions>: Failed to create WebGL context: WebGL creation failed: 
* Can't use WebGL in headless mode (https://bugzil.la/1375585).
JavaScript warning: https://www.newegg.com/pfssl.js, line 2: Error: WebGL warning: getContext: Disallowing antialiased backbuffers due to blacklisting.
JavaScript warning: https://www.newegg.com/pfssl.js, line 2: Error: WebGL warning: <SetDimensions>: Can't use WebGL in headless mode (https://bugzil.la/1375585).
JavaScript warning: https://www.newegg.com/pfssl.js, line 2: Error: WebGL warning: <SetDimensions>: Failed to create WebGL context: WebGL creation failed: 
* Can't use WebGL in headless mode (https://bugzil.la/1375585).
1580667455751	mozrunner::runner	INFO	Running command: "/usr/bin/firefox" "-marionette" "--headless" "--proxy-server=://70979:idk@localhost:9050" "-foreground" "-no-remote" "-profile" "/tmp/rust_mozprofileGSrjGA"
*** You are running in headless mode.
1580667456177	addons.webextension.doh-rollout@mozilla.org	WARN	Loading extension 'doh-rollout@mozilla.org': Reading manifest: Invalid extension permission: networkStatus
1580667456290	addons.webextension.screenshots@mozilla.org	WARN	Loading extension 'screenshots@mozilla.org': Reading manifest: Invalid extension permission: mozillaAddons
1580667456291	addons.webextension.screenshots@mozilla.org	WARN	Loading extension 'screenshots@mozilla.org': Reading manifest: Invalid extension permission: telemetry
1580667456291	addons.webextension.screenshots@mozilla.org	WARN	Loading extension 'screenshots@mozilla.org': Reading manifest: Invalid extension permission: resource://pdf.js/
1580667456291	addons.webextension.screenshots@mozilla.org	WARN	Loading extension 'screenshots@mozilla.org': Reading manifest: Invalid extension permission: about:reader*
1580667458107	Marionette	INFO	Listening on port 40545
1580667458157	Marionette	WARN	TLS certificate errors will be ignored for this session
JavaScript warning: https://www.newegg.com/pfssl.js, line 2: Error: WebGL warning: getContext: Disallowing antialiased backbuffers due to blacklisting.
JavaScript warning: https://www.newegg.com/pfssl.js, line 2: Error: WebGL warning: <SetDimensions>: Can't use WebGL in headless mode (https://bugzil.la/1375585).
JavaScript warning: https://www.newegg.com/pfssl.js, line 2: Error: WebGL warning: <SetDimensions>: Failed to create WebGL context: WebGL creation failed: 
* Can't use WebGL in headless mode (https://bugzil.la/1375585).
JavaScript warning: https://www.newegg.com/pfssl.js, line 2: Error: WebGL warning: getContext: Disallowing antialiased backbuffers due to blacklisting.
JavaScript warning: https://www.newegg.com/pfssl.js, line 2: Error: WebGL warning: <SetDimensions>: Can't use WebGL in headless mode (https://bugzil.la/1375585).
JavaScript warning: https://www.newegg.com/pfssl.js, line 2: Error: WebGL warning: <SetDimensions>: Failed to create WebGL context: WebGL creation failed: 
* Can't use WebGL in headless mode (https://bugzil.la/1375585).
JavaScript warning: https://www.newegg.com/pfssl.js, line 2: Error: WebGL warning: getContext: Disallowing antialiased backbuffers due to blacklisting.
JavaScript warning: https://www.newegg.com/pfssl.js, line 2: Error: WebGL warning: <SetDimensions>: Can't use WebGL in headless mode (https://bugzil.la/1375585).
JavaScript warning: https://www.newegg.com/pfssl.js, line 2: Error: WebGL warning: <SetDimensions>: Failed to create WebGL context: WebGL creation failed: 
* Can't use WebGL in headless mode (https://bugzil.la/1375585).
JavaScript warning: https://www.newegg.com/pfssl.js, line 2: Error: WebGL warning: getContext: Disallowing antialiased backbuffers due to blacklisting.
JavaScript warning: https://www.newegg.com/pfssl.js, line 2: Error: WebGL warning: <SetDimensions>: Can't use WebGL in headless mode (https://bugzil.la/1375585).
JavaScript warning: https://www.newegg.com/pfssl.js, line 2: Error: WebGL warning: <SetDimensions>: Failed to create WebGL context: WebGL creation failed: 
* Can't use WebGL in headless mode (https://bugzil.la/1375585).
Exiting due to channel error.
Exiting due to channel error.
Exiting due to channel error.
Exiting due to channel error.
Exiting due to channel error.
Exiting due to channel error.
Exiting due to channel error.
Exiting due to channel error.
Exiting due to channel error.
Exiting due to channel error.
[GFX1-]: Receive IPC close with reason=AbnormalShutdown
Exiting due to channel error.
Exiting due to channel error.
Exiting due to channel error.
Exiting due to channel error.
[GFX1-]: Receive IPC close with reason=AbnormalShutdown
Exiting due to channel error.
